[[0], [1, 0, 24, 56, 80], [2], [3, 1, 25, 57, 81], [4], [5, 2, 26, 58, 82], [6], [7, 3, 27, 59, 83], [8], [9, 4, 28, 60, 84], [10], [11, 5, 29, 61, 85], [12], [13, 6, 30, 62, 86], [14], [15, 7, 31, 63, 87], [16], [17, 8, 32, 64, 88], [18], [19, 9, 33, 65, 89], [20], [21, 10, 34, 66, 90], [22], [23, 11, 35, 67, 91], [24], [25, 12, 36, 68, 92], [26], [27, 13, 37, 69, 93], [28], [29, 14, 38, 70, 94], [30], [31, 15, 39, 71, 95], [32], [33, 16, 40, 72, 96], [34], [35, 17, 41, 73, 97], [36], [37, 18, 42, 74, 98], [38], [39, 19, 43, 75, 99], [40], [41, 20, 44, 76, 100], [42], [43, 21, 45, 77, 101], [44], [45, 22, 46, 78, 102], [46], [47, 23, 47, 79, 103], [48, 48, 49, 50, 51, 52, 53, 54, 55]]
[[0.         0.00166666 0.0025    ]
 [0.         0.005      0.0025    ]
 [0.         0.00833334 0.0025    ]
 [0.         0.01166665 0.0025    ]
 [0.         0.015      0.0025    ]
 [0.         0.01833335 0.0025    ]
 [0.         0.02166665 0.0025    ]
 [0.         0.025      0.0025    ]
 [0.         0.02833335 0.0025    ]
 [0.         0.03166665 0.0025    ]
 [0.         0.035      0.0025    ]
 [0.         0.03833335 0.0025    ]
 [0.         0.04166665 0.0025    ]
 [0.         0.045      0.0025    ]
 [0.         0.04833335 0.0025    ]
 [0.         0.05166665 0.0025    ]
 [0.         0.055      0.0025    ]
 [0.         0.05833335 0.0025    ]
 [0.         0.06166665 0.0025    ]
 [0.         0.065      0.0025    ]
 [0.         0.06833335 0.0025    ]
 [0.         0.07166665 0.0025    ]
 [0.         0.075      0.0025    ]
 [0.         0.07833335 0.0025    ]
 [0.         0.00166666 0.0075    ]
 [0.         0.005      0.0075    ]
 [0.         0.00833334 0.0075    ]
 [0.         0.01166665 0.0075    ]
 [0.         0.015      0.0075    ]
 [0.         0.01833335 0.0075    ]
 [0.         0.02166665 0.0075    ]
 [0.         0.025      0.0075    ]
 [0.         0.02833335 0.0075    ]
 [0.         0.03166665 0.0075    ]
 [0.         0.035      0.0075    ]
 [0.         0.03833335 0.0075    ]
 [0.         0.04166665 0.0075    ]
 [0.         0.045      0.0075    ]
 [0.         0.04833335 0.0075    ]
 [0.         0.05166665 0.0075    ]
 [0.         0.055      0.0075    ]
 [0.         0.05833335 0.0075    ]
 [0.         0.06166665 0.0075    ]
 [0.         0.065      0.0075    ]
 [0.         0.06833335 0.0075    ]
 [0.         0.07166665 0.0075    ]
 [0.         0.075      0.0075    ]
 [0.         0.07833335 0.0075    ]
 [0.0015     0.08       0.0025    ]
 [0.0015     0.08       0.0075    ]
 [0.0045     0.08       0.0025    ]
 [0.0045     0.08       0.0075    ]
 [0.0075     0.08       0.0025    ]
 [0.0075     0.08       0.0075    ]
 [0.0105     0.08       0.0025    ]
 [0.0105     0.08       0.0075    ]
 [0.012      0.00166666 0.0025    ]
 [0.012      0.005      0.0025    ]
 [0.012      0.00833334 0.0025    ]
 [0.012      0.01166665 0.0025    ]
 [0.012      0.015      0.0025    ]
 [0.012      0.01833335 0.0025    ]
 [0.012      0.02166665 0.0025    ]
 [0.012      0.025      0.0025    ]
 [0.012      0.02833335 0.0025    ]
 [0.012      0.03166665 0.0025    ]
 [0.012      0.035      0.0025    ]
 [0.012      0.03833335 0.0025    ]
 [0.012      0.04166665 0.0025    ]
 [0.012      0.045      0.0025    ]
 [0.012      0.04833335 0.0025    ]
 [0.012      0.05166665 0.0025    ]
 [0.012      0.055      0.0025    ]
 [0.012      0.05833335 0.0025    ]
 [0.012      0.06166665 0.0025    ]
 [0.012      0.065      0.0025    ]
 [0.012      0.06833335 0.0025    ]
 [0.012      0.07166665 0.0025    ]
 [0.012      0.075      0.0025    ]
 [0.012      0.07833335 0.0025    ]
 [0.012      0.00166666 0.0075    ]
 [0.012      0.005      0.0075    ]
 [0.012      0.00833334 0.0075    ]
 [0.012      0.01166665 0.0075    ]
 [0.012      0.015      0.0075    ]
 [0.012      0.01833335 0.0075    ]
 [0.012      0.02166665 0.0075    ]
 [0.012      0.025      0.0075    ]
 [0.012      0.02833335 0.0075    ]
 [0.012      0.03166665 0.0075    ]
 [0.012      0.035      0.0075    ]
 [0.012      0.03833335 0.0075    ]
 [0.012      0.04166665 0.0075    ]
 [0.012      0.045      0.0075    ]
 [0.012      0.04833335 0.0075    ]
 [0.012      0.05166665 0.0075    ]
 [0.012      0.055      0.0075    ]
 [0.012      0.05833335 0.0075    ]
 [0.012      0.06166665 0.0075    ]
 [0.012      0.065      0.0075    ]
 [0.012      0.06833335 0.0075    ]
 [0.012      0.07166665 0.0075    ]
 [0.012      0.075      0.0075    ]
 [0.012      0.07833335 0.0075    ]]
(104, 3)
[[0], [1, 0, 24, 56, 80], [2], [3, 1, 25, 57, 81], [4], [5, 2, 26, 58, 82], [6], [7, 3, 27, 59, 83], [8], [9, 4, 28, 60, 84], [10], [11, 5, 29, 61, 85], [12], [13, 6, 30, 62, 86], [14], [15, 7, 31, 63, 87], [16], [17, 8, 32, 64, 88], [18], [19, 9, 33, 65, 89], [20], [21, 10, 34, 66, 90], [22], [23, 11, 35, 67, 91], [24], [25, 12, 36, 68, 92], [26], [27, 13, 37, 69, 93], [28], [29, 14, 38, 70, 94], [30], [31, 15, 39, 71, 95], [32], [33, 16, 40, 72, 96], [34], [35, 17, 41, 73, 97], [36], [37, 18, 42, 74, 98], [38], [39, 19, 43, 75, 99], [40], [41, 20, 44, 76, 100], [42], [43, 21, 45, 77, 101], [44], [45, 22, 46, 78, 102], [46], [47, 23, 47, 79, 103], [48, 48, 49, 50, 51, 52, 53, 54, 55]]
[[0.         0.00166666 0.0025    ]
 [0.         0.005      0.0025    ]
 [0.         0.00833334 0.0025    ]
 [0.         0.01166665 0.0025    ]
 [0.         0.015      0.0025    ]
 [0.         0.01833335 0.0025    ]
 [0.         0.02166665 0.0025    ]
 [0.         0.025      0.0025    ]
 [0.         0.02833335 0.0025    ]
 [0.         0.03166665 0.0025    ]
 [0.         0.035      0.0025    ]
 [0.         0.03833335 0.0025    ]
 [0.         0.04166665 0.0025    ]
 [0.         0.045      0.0025    ]
 [0.         0.04833335 0.0025    ]
 [0.         0.05166665 0.0025    ]
 [0.         0.055      0.0025    ]
 [0.         0.05833335 0.0025    ]
 [0.         0.06166665 0.0025    ]
 [0.         0.065      0.0025    ]
 [0.         0.06833335 0.0025    ]
 [0.         0.07166665 0.0025    ]
 [0.         0.075      0.0025    ]
 [0.         0.07833335 0.0025    ]
 [0.         0.00166666 0.0075    ]
 [0.         0.005      0.0075    ]
 [0.         0.00833334 0.0075    ]
 [0.         0.01166665 0.0075    ]
 [0.         0.015      0.0075    ]
 [0.         0.01833335 0.0075    ]
 [0.         0.02166665 0.0075    ]
 [0.         0.025      0.0075    ]
 [0.         0.02833335 0.0075    ]
 [0.         0.03166665 0.0075    ]
 [0.         0.035      0.0075    ]
 [0.         0.03833335 0.0075    ]
 [0.         0.04166665 0.0075    ]
 [0.         0.045      0.0075    ]
 [0.         0.04833335 0.0075    ]
 [0.         0.05166665 0.0075    ]
 [0.         0.055      0.0075    ]
 [0.         0.05833335 0.0075    ]
 [0.         0.06166665 0.0075    ]
 [0.         0.065      0.0075    ]
 [0.         0.06833335 0.0075    ]
 [0.         0.07166665 0.0075    ]
 [0.         0.075      0.0075    ]
 [0.         0.07833335 0.0075    ]
 [0.0015     0.08       0.0025    ]
 [0.0015     0.08       0.0075    ]
 [0.0045     0.08       0.0025    ]
 [0.0045     0.08       0.0075    ]
 [0.0075     0.08       0.0025    ]
 [0.0075     0.08       0.0075    ]
 [0.0105     0.08       0.0025    ]
 [0.0105     0.08       0.0075    ]
 [0.012      0.00166666 0.0025    ]
 [0.012      0.005      0.0025    ]
 [0.012      0.00833334 0.0025    ]
 [0.012      0.01166665 0.0025    ]
 [0.012      0.015      0.0025    ]
 [0.012      0.01833335 0.0025    ]
 [0.012      0.02166665 0.0025    ]
 [0.012      0.025      0.0025    ]
 [0.012      0.02833335 0.0025    ]
 [0.012      0.03166665 0.0025    ]
 [0.012      0.035      0.0025    ]
 [0.012      0.03833335 0.0025    ]
 [0.012      0.04166665 0.0025    ]
 [0.012      0.045      0.0025    ]
 [0.012      0.04833335 0.0025    ]
 [0.012      0.05166665 0.0025    ]
 [0.012      0.055      0.0025    ]
 [0.012      0.05833335 0.0025    ]
 [0.012      0.06166665 0.0025    ]
 [0.012      0.065      0.0025    ]
 [0.012      0.06833335 0.0025    ]
 [0.012      0.07166665 0.0025    ]
 [0.012      0.075      0.0025    ]
 [0.012      0.07833335 0.0025    ]
 [0.012      0.00166666 0.0075    ]
 [0.012      0.005      0.0075    ]
 [0.012      0.00833334 0.0075    ]
 [0.012      0.01166665 0.0075    ]
 [0.012      0.015      0.0075    ]
 [0.012      0.01833335 0.0075    ]
 [0.012      0.02166665 0.0075    ]
 [0.012      0.025      0.0075    ]
 [0.012      0.02833335 0.0075    ]
 [0.012      0.03166665 0.0075    ]
 [0.012      0.035      0.0075    ]
 [0.012      0.03833335 0.0075    ]
 [0.012      0.04166665 0.0075    ]
 [0.012      0.045      0.0075    ]
 [0.012      0.04833335 0.0075    ]
 [0.012      0.05166665 0.0075    ]
 [0.012      0.055      0.0075    ]
 [0.012      0.05833335 0.0075    ]
 [0.012      0.06166665 0.0075    ]
 [0.012      0.065      0.0075    ]
 [0.012      0.06833335 0.0075    ]
 [0.012      0.07166665 0.0075    ]
 [0.012      0.075      0.0075    ]
 [0.012      0.07833335 0.0075    ]]
(104, 3)
