10.0011 0 0 0 0 0 0
10.0012 0 0 0 0 0 0
10.0013 0 0 0 0 0 0
10.0014 0 0 0 0 0 0
10.0015 0 0 0 0 0 0
10.0016 0 0 0 0 0 0
10.0017 0 0 0 0 0 0
10.0018 0 0 0 0 0 0
10.0019 0 0 0 0 0 0
10.002 0 0 0 0 0 0
10.0021 0 0 0 0 0 0
10.0022 0 0 0 0 0 0
10.0023 0 0 0 0 0 0
10.0024 0 0 0 0 0 0
10.0025 0 0 0 0 0 0
10.0026 0 0 0 0 0 0
10.0027 0 0 0 0 0 0
10.0028 0 0 0 0 0 0
10.0029 0 0 0 0 0 0
10.003 0 0 0 0 0 0
10.0031 0 0 0 0 0 0
10.0032 0 0 0 0 0 0
10.0033 0 0 0 0 0 0
10.0034 0 0 0 0 0 0
10.0035 0 0 0 0 0 0
10.0036 0 0 0 0 0 0
10.0037 0 0 0 0 0 0
10.0038 0 0 0 0 0 0
10.0039 0 0 0 0 0 0
10.004 0 0 0 0 0 0
10.0041 0 0 0 0 0 0
10.0042 0 0 0 0 0 0
10.0043 0 0 0 0 0 0
10.0044 0 0 0 0 0 0
10.0045 0 0 0 0 0 0
10.0046 0 0 0 0 0 0
10.0047 0 0 0 0 0 0
10.0048 0 0 0 0 0 0
10.0049 0 0 0 0 0 0
10.005 0 0 0 0 0 0
10.0051 0 0 0 0 0 0
10.0052 0 0 0 0 0 0
10.0053 0 0 0 0 0 0
10.0054 0 0 0 0 0 0
10.0055 0 0 0 0 0 0
10.0056 0 0 0 0 0 0
10.0057 0 0 0 0 0 0
10.0058 0 0 0 0 0 0
10.0059 0 0 0 0 0 0
10.006 0 0 0 0 0 0
10.0061 0 0 0 0 0 0
10.0062 0 0 0 0 0 0
10.0063 0 0 0 0 0 0
10.0064 0 0 0 0 0 0
10.0065 0 0 0 0 0 0
10.0066 0 0 0 0 0 0
10.0067 0 0 0 0 0 0
10.0068 0 0 0 0 0 0
10.0069 0 0 0 0 0 0
10.007 0 0 0 0 0 0
10.0071 0 0 0 0 0 0
10.0072 0 0 0 0 0 0
10.0073 0 0 0 0 0 0
10.0074 0 0 0 0 0 0
10.0075 0 0 0 0 0 0
10.0076 0 0 0 0 0 0
10.0077 0 0 0 0 0 0
10.0078 0 0 0 0 0 0
10.0079 0 0 0 0 0 0
10.008 0 0 0 0 0 0
10.0081 0 0 0 0 0 0
10.0082 0 0 0 0 0 0
10.0083 0 0 0 0 0 0
10.0084 0 0 0 0 0 0
10.0085 0 0 0 0 0 0
10.0086 0 0 0 0 0 0
10.0087 0 0 0 0 0 0
10.0088 0 0 0 0 0 0
10.0089 0 0 0 0 0 0
10.009 0 0 0 0 0 0
10.0091 0 0 0 0 0 0
10.0092 0 0 0 0 0 0
10.0093 0 0 0 0 0 0
10.0094 0 0 0 0 0 0
10.0095 0 0 0 0 0 0
10.0096 0 0 0 0 0 0
10.0097 0 0 0 0 0 0
10.0098 0 0 0 0 0 0
10.0099 0 0 0 0 0 0
10.01 0 0 0 0 0 0
10.0101 0 0 0 0 0 0
10.0102 0 0 0 0 0 0
10.0103 0 0 0 0 0 0
10.0104 0 0 0 0 0 0
10.0105 0 0 0 0 0 0
10.0106 0 0 0 0 0 0
10.0107 0 0 0 0 0 0
10.0108 0 0 0 0 0 0
10.0109 0 0 0 0 0 0
10.011 0 0 0 0 0 0
10.0111 0 0 0 0 0 0
10.0112 0 0 0 0 0 0
10.0113 0 0 0 0 0 0
10.0114 0 0 0 0 0 0
10.0115 0 0 0 0 0 0
10.0116 0 0 0 0 0 0
10.0117 0 0 0 0 0 0
10.0118 0 0 0 0 0 0
10.0119 0 0 0 0 0 0
10.012 0 0 0 0 0 0
10.0121 0 0 0 0 0 0
10.0122 0 0 0 0 0 0
10.0123 0 0 0 0 0 0
10.0124 0 0 0 0 0 0
10.0125 0 0 0 0 0 0
10.0126 0 0 0 0 0 0
10.0127 0 0 0 0 0 0
10.0128 0 0 0 0 0 0
10.0129 0 0 0 0 0 0
10.013 0 0 0 0 0 0
10.0131 0 0 0 0 0 0
10.0132 0 0 0 0 0 0
10.0133 0 0 0 0 0 0
10.0134 0 0 0 0 0 0
10.0135 0 0 0 0 0 0
10.0136 0 0 0 0 0 0
10.0137 0 0 0 0 0 0
10.0138 0 0 0 0 0 0
10.0139 0 0 0 0 0 0
10.014 0 0 0 0 0 0
10.0141 0 0 0 0 0 0
10.0142 0 0 0 0 0 0
10.0143 0 0 0 0 0 0
10.0144 0 0 0 0 0 0
10.0145 0 0 0 0 0 0
10.0146 0 0 0 0 0 0
10.0147 0 0 0 0 0 0
10.0148 0 0 0 0 0 0
10.0149 0 0 0 0 0 0
10.015 0 0 0 0 0 0
10.0151 0 0 0 0 0 0
10.0152 0 0 0 0 0 0
10.0153 0 0 0 0 0 0
10.0154 0 0 0 0 0 0
10.0155 0 0 0 0 0 0
10.0156 0 0 0 0 0 0
10.0157 0 0 0 0 0 0
10.0158 0 0 0 0 0 0
10.0159 0 0 0 0 0 0
10.016 0 0 0 0 0 0
10.0161 0 0 0 0 0 0
10.0162 0 0 0 0 0 0
10.0163 0 0 0 0 0 0
10.0164 0 0 0 0 0 0
10.0165 0 0 0 0 0 0
10.0166 0 0 0 0 0 0
10.0167 0 0 0 0 0 0
10.0168 0 0 0 0 0 0
10.0169 0 0 0 0 0 0
10.017 0 0 0 0 0 0
10.0171 0 0 0 0 0 0
10.0172 0 0 0 0 0 0
10.0173 0 0 0 0 0 0
10.0174 0 0 0 0 0 0
10.0175 0 0 0 0 0 0
10.0176 0 0 0 0 0 0
10.0177 0 0 0 0 0 0
10.0178 0 0 0 0 0 0
10.0179 0 0 0 0 0 0
10.018 0 0 0 0 0 0
10.0181 0 0 0 0 0 0
10.0182 0 0 0 0 0 0
10.0183 0 0 0 0 0 0
10.0184 0 0 0 0 0 0
