nothing saved yet;
saved input arguments to a pickle file
CouplingDataProjectionMesh CouplingDataProjectionMesh.obj
OpenFOAMFileHandler uncollated
makeCouplingDataProjectionMesh 1
nameOfCoupledPatchOrSurfaceFile interface
writeOpenFOAMHere OpenFOAMCase
readOpenFOAMFromHere OpenFOAMCase
NPROCRUN 1
OpenSees Python Input Script:  OpenSeesModel.py
OFCaseExists 1
OpenFOAMSolver interFoam
number of OpenFOAM Steps Per Coupling Timestep:  1
number of OpenSees Steps Per Coupling Timestep:  1
loaded input arguments from a pickle file
saved input arguments to a pickle file
CouplingDataProjectionMesh CouplingDataProjectionMesh.obj
OpenFOAMFileHandler uncollated
makeCouplingDataProjectionMesh 1
nameOfCoupledPatchOrSurfaceFile interface
writeOpenFOAMHere OpenFOAMCase
readOpenFOAMFromHere OpenFOAMCase
NPROCRUN 1
OpenSees Python Input Script:  OpenSeesModel.py
OFCaseExists 1
OpenFOAMSolver interFoam
number of OpenFOAM Steps Per Coupling Timestep:  1
number of OpenSees Steps Per Coupling Timestep:  1
