Namespace(nameOfCoupledPatchOrSurfaceFile='interface', CouplingDataProjectionMesh='CouplingDataProjectionMesh.obj', makeCouplingDataProjectionMesh=1, OpenSeesPyFile='OpenSeesModel.py', OpenFOAMCaseFolder='OpenFOAMCase', OpenFOAMSolver='interFoam', NPROC=1, OpenFOAMFileHandler='uncollated', useExistingOpenFOAMCaseFolder=1, existingOpenFOAMCase='Fluid', numOpenSeesStepsPerCouplingTimestep=1, numOpenFOAMStepsPerCouplingTimestep=1, useHydroUQInputs='No', HydroUQInputs='none', SnappyHexMeshPointInMeshX='0.1', SnappyHexMeshPointInMeshY='0.1', SnappyHexMeshPointInMeshZ='0.1')
trying to find a coupled nodes list...
[0.006, 0.0, 0.005, 0.006, 0.08, 0.005]
OpenSees Model Initialized...
(0) 22:52:22 [impl::ParticipantImpl]:177 in configure: [0mThis is preCICE version 3.1.2
(0) 22:52:22 [impl::ParticipantImpl]:178 in configure: [0mRevision info: v3.1.2-126-g70a2362a
(0) 22:52:22 [impl::ParticipantImpl]:179 in configure: [0mBuild type: Release (without debug log)
(0) 22:52:22 [impl::ParticipantImpl]:197 in configure: [0mConfiguring preCICE with configuration "./precice-config.xml"
(0) 22:52:22 [impl::ParticipantImpl]:198 in configure: [0mI am participant "FOAMySeesCouplingDriver"
# Wavefront OBJ file written 2024-11-13T22:52:20
o CouplingDataProjectionMesh

# points : 159
# faces  : 104
# zones  : 1
#   0  interface  (nFaces: 104)

# <points count="159">
v 0 0 0
v 0 0.00333333 0
v 0 0.00333333 0.005
v 0 0 0.005
v 0 0.00666667 0
v 0 0.00666667 0.005
v 0 0.01 0
v 0 0.01 0.005
v 0 0.0133333 0
v 0 0.0133333 0.005
v 0 0.0166667 0
v 0 0.0166667 0.005
v 0 0.02 0
v 0 0.02 0.005
v 0 0.0233333 0
v 0 0.0233333 0.005
v 0 0.0266667 0
v 0 0.0266667 0.005
v 0 0.03 0
v 0 0.03 0.005
v 0 0.0333333 0
v 0 0.0333333 0.005
v 0 0.0366667 0
v 0 0.0366667 0.005
v 0 0.04 0
v 0 0.04 0.005
v 0 0.0433333 0
v 0 0.0433333 0.005
v 0 0.0466667 0
v 0 0.0466667 0.005
v 0 0.05 0
v 0 0.05 0.005
v 0 0.0533333 0
v 0 0.0533333 0.005
v 0 0.0566667 0
v 0 0.0566667 0.005
v 0 0.06 0
v 0 0.06 0.005
v 0 0.0633333 0
v 0 0.0633333 0.005
v 0 0.0666667 0
v 0 0.0666667 0.005
v 0 0.07 0
v 0 0.07 0.005
v 0 0.0733333 0
v 0 0.0733333 0.005
v 0 0.0766667 0
v 0 0.0766667 0.005
v 0 0.08 0
v 0 0.08 0.005
v 0 0.00333333 0.01
v 0 0 0.01
v 0 0.00666667 0.01
v 0 0.01 0.01
v 0 0.0133333 0.01
v 0 0.0166667 0.01
v 0 0.02 0.01
v 0 0.0233333 0.01
v 0 0.0266667 0.01
v 0 0.03 0.01
v 0 0.0333333 0.01
v 0 0.0366667 0.01
v 0 0.04 0.01
v 0 0.0433333 0.01
v 0 0.0466667 0.01
v 0 0.05 0.01
v 0 0.0533333 0.01
v 0 0.0566667 0.01
v 0 0.06 0.01
v 0 0.0633333 0.01
v 0 0.0666667 0.01
v 0 0.07 0.01
v 0 0.0733333 0.01
v 0 0.0766667 0.01
v 0 0.08 0.01
v 0.003 0.08 0
v 0.003 0.08 0.005
v 0.003 0.08 0.01
v 0.006 0.08 0
v 0.006 0.08 0.005
v 0.006 0.08 0.01
v 0.009 0.08 0
v 0.009 0.08 0.005
v 0.009 0.08 0.01
v 0.012 0.08 0
v 0.012 0.08 0.005
v 0.012 0.08 0.01
v 0.012 0 0
v 0.012 0 0.005
v 0.012 0.00333333 0.005
v 0.012 0.00333333 0
v 0.012 0.00666667 0.005
v 0.012 0.00666667 0
v 0.012 0.01 0.005
v 0.012 0.01 0
v 0.012 0.0133333 0.005
v 0.012 0.0133333 0
v 0.012 0.0166667 0.005
v 0.012 0.0166667 0
v 0.012 0.02 0.005
v 0.012 0.02 0
v 0.012 0.0233333 0.005
v 0.012 0.0233333 0
v 0.012 0.0266667 0.005
v 0.012 0.0266667 0
v 0.012 0.03 0.005
v 0.012 0.03 0
v 0.012 0.0333333 0.005
v 0.012 0.0333333 0
v 0.012 0.0366667 0.005
v 0.012 0.0366667 0
v 0.012 0.04 0.005
v 0.012 0.04 0
v 0.012 0.0433333 0.005
v 0.012 0.0433333 0
v 0.012 0.0466667 0.005
v 0.012 0.0466667 0
v 0.012 0.05 0.005
v 0.012 0.05 0
v 0.012 0.0533333 0.005
v 0.012 0.0533333 0
v 0.012 0.0566667 0.005
v 0.012 0.0566667 0
v 0.012 0.06 0.005
v 0.012 0.06 0
v 0.012 0.0633333 0.005
v 0.012 0.0633333 0
v 0.012 0.0666667 0.005
v 0.012 0.0666667 0
v 0.012 0.07 0.005
v 0.012 0.07 0
v 0.012 0.0733333 0.005
v 0.012 0.0733333 0
v 0.012 0.0766667 0.005
v 0.012 0.0766667 0
v 0.012 0 0.01
v 0.012 0.00333333 0.01
v 0.012 0.00666667 0.01
v 0.012 0.01 0.01
v 0.012 0.0133333 0.01
v 0.012 0.0166667 0.01
v 0.012 0.02 0.01
v 0.012 0.0233333 0.01
v 0.012 0.0266667 0.01
v 0.012 0.03 0.01
v 0.012 0.0333333 0.01
v 0.012 0.0366667 0.01
v 0.012 0.04 0.01
v 0.012 0.0433333 0.01
v 0.012 0.0466667 0.01
v 0.012 0.05 0.01
v 0.012 0.0533333 0.01
v 0.012 0.0566667 0.01
v 0.012 0.06 0.01
v 0.012 0.0633333 0.01
v 0.012 0.0666667 0.01
v 0.012 0.07 0.01
v 0.012 0.0733333 0.01
v 0.012 0.0766667 0.01
# </points>

# <faces count="104">
g interface
f 1 2 3 4
f 2 5 6 3
f 5 7 8 6
f 7 9 10 8
f 9 11 12 10
f 11 13 14 12
f 13 15 16 14
f 15 17 18 16
f 17 19 20 18
f 19 21 22 20
f 21 23 24 22
f 23 25 26 24
f 25 27 28 26
f 27 29 30 28
f 29 31 32 30
f 31 33 34 32
f 33 35 36 34
f 35 37 38 36
f 37 39 40 38
f 39 41 42 40
f 41 43 44 42
f 43 45 46 44
f 45 47 48 46
f 47 49 50 48
f 4 3 51 52
f 3 6 53 51
f 6 8 54 53
f 8 10 55 54
f 10 12 56 55
f 12 14 57 56
f 14 16 58 57
f 16 18 59 58
f 18 20 60 59
f 20 22 61 60
f 22 24 62 61
f 24 26 63 62
f 26 28 64 63
f 28 30 65 64
f 30 32 66 65
f 32 34 67 66
f 34 36 68 67
f 36 38 69 68
f 38 40 70 69
f 40 42 71 70
f 42 44 72 71
f 44 46 73 72
f 46 48 74 73
f 48 50 75 74
f 49 76 77 50
f 50 77 78 75
f 76 79 80 77
f 77 80 81 78
f 79 82 83 80
f 80 83 84 81
f 82 85 86 83
f 83 86 87 84
f 88 89 90 91
f 91 90 92 93
f 93 92 94 95
f 95 94 96 97
f 97 96 98 99
f 99 98 100 101
f 101 100 102 103
f 103 102 104 105
f 105 104 106 107
f 107 106 108 109
f 109 108 110 111
f 111 110 112 113
f 113 112 114 115
f 115 114 116 117
f 117 116 118 119
f 119 118 120 121
f 121 120 122 123
f 123 122 124 125
f 125 124 126 127
f 127 126 128 129
f 129 128 130 131
f 131 130 132 133
f 133 132 134 135
f 135 134 86 85
f 89 136 137 90
f 90 137 138 92
f 92 138 139 94
f 94 139 140 96
f 96 140 141 98
f 98 141 142 100
f 100 142 143 102
f 102 143 144 104
f 104 144 145 106
f 106 145 146 108
f 108 146 147 110
f 110 147 148 112
f 112 148 149 114
f 114 149 150 116
f 116 150 151 118
f 118 151 152 120
f 120 152 153 122
f 122 153 154 124
f 124 154 155 126
f 126 155 156 128
f 128 156 157 130
f 130 157 158 132
f 132 158 159 134
f 134 159 87 86
# </faces>

[['0', '0', '0'], ['0', '0.00333333', '0'], ['0', '0.00333333', '0.005'], ['0', '0', '0.005'], ['0', '0.00666667', '0'], ['0', '0.00666667', '0.005'], ['0', '0.01', '0'], ['0', '0.01', '0.005'], ['0', '0.0133333', '0'], ['0', '0.0133333', '0.005'], ['0', '0.0166667', '0'], ['0', '0.0166667', '0.005'], ['0', '0.02', '0'], ['0', '0.02', '0.005'], ['0', '0.0233333', '0'], ['0', '0.0233333', '0.005'], ['0', '0.0266667', '0'], ['0', '0.0266667', '0.005'], ['0', '0.03', '0'], ['0', '0.03', '0.005'], ['0', '0.0333333', '0'], ['0', '0.0333333', '0.005'], ['0', '0.0366667', '0'], ['0', '0.0366667', '0.005'], ['0', '0.04', '0'], ['0', '0.04', '0.005'], ['0', '0.0433333', '0'], ['0', '0.0433333', '0.005'], ['0', '0.0466667', '0'], ['0', '0.0466667', '0.005'], ['0', '0.05', '0'], ['0', '0.05', '0.005'], ['0', '0.0533333', '0'], ['0', '0.0533333', '0.005'], ['0', '0.0566667', '0'], ['0', '0.0566667', '0.005'], ['0', '0.06', '0'], ['0', '0.06', '0.005'], ['0', '0.0633333', '0'], ['0', '0.0633333', '0.005'], ['0', '0.0666667', '0'], ['0', '0.0666667', '0.005'], ['0', '0.07', '0'], ['0', '0.07', '0.005'], ['0', '0.0733333', '0'], ['0', '0.0733333', '0.005'], ['0', '0.0766667', '0'], ['0', '0.0766667', '0.005'], ['0', '0.08', '0'], ['0', '0.08', '0.005'], ['0', '0.00333333', '0.01'], ['0', '0', '0.01'], ['0', '0.00666667', '0.01'], ['0', '0.01', '0.01'], ['0', '0.0133333', '0.01'], ['0', '0.0166667', '0.01'], ['0', '0.02', '0.01'], ['0', '0.0233333', '0.01'], ['0', '0.0266667', '0.01'], ['0', '0.03', '0.01'], ['0', '0.0333333', '0.01'], ['0', '0.0366667', '0.01'], ['0', '0.04', '0.01'], ['0', '0.0433333', '0.01'], ['0', '0.0466667', '0.01'], ['0', '0.05', '0.01'], ['0', '0.0533333', '0.01'], ['0', '0.0566667', '0.01'], ['0', '0.06', '0.01'], ['0', '0.0633333', '0.01'], ['0', '0.0666667', '0.01'], ['0', '0.07', '0.01'], ['0', '0.0733333', '0.01'], ['0', '0.0766667', '0.01'], ['0', '0.08', '0.01'], ['0.003', '0.08', '0'], ['0.003', '0.08', '0.005'], ['0.003', '0.08', '0.01'], ['0.006', '0.08', '0'], ['0.006', '0.08', '0.005'], ['0.006', '0.08', '0.01'], ['0.009', '0.08', '0'], ['0.009', '0.08', '0.005'], ['0.009', '0.08', '0.01'], ['0.012', '0.08', '0'], ['0.012', '0.08', '0.005'], ['0.012', '0.08', '0.01'], ['0.012', '0', '0'], ['0.012', '0', '0.005'], ['0.012', '0.00333333', '0.005'], ['0.012', '0.00333333', '0'], ['0.012', '0.00666667', '0.005'], ['0.012', '0.00666667', '0'], ['0.012', '0.01', '0.005'], ['0.012', '0.01', '0'], ['0.012', '0.0133333', '0.005'], ['0.012', '0.0133333', '0'], ['0.012', '0.0166667', '0.005'], ['0.012', '0.0166667', '0'], ['0.012', '0.02', '0.005'], ['0.012', '0.02', '0'], ['0.012', '0.0233333', '0.005'], ['0.012', '0.0233333', '0'], ['0.012', '0.0266667', '0.005'], ['0.012', '0.0266667', '0'], ['0.012', '0.03', '0.005'], ['0.012', '0.03', '0'], ['0.012', '0.0333333', '0.005'], ['0.012', '0.0333333', '0'], ['0.012', '0.0366667', '0.005'], ['0.012', '0.0366667', '0'], ['0.012', '0.04', '0.005'], ['0.012', '0.04', '0'], ['0.012', '0.0433333', '0.005'], ['0.012', '0.0433333', '0'], ['0.012', '0.0466667', '0.005'], ['0.012', '0.0466667', '0'], ['0.012', '0.05', '0.005'], ['0.012', '0.05', '0'], ['0.012', '0.0533333', '0.005'], ['0.012', '0.0533333', '0'], ['0.012', '0.0566667', '0.005'], ['0.012', '0.0566667', '0'], ['0.012', '0.06', '0.005'], ['0.012', '0.06', '0'], ['0.012', '0.0633333', '0.005'], ['0.012', '0.0633333', '0'], ['0.012', '0.0666667', '0.005'], ['0.012', '0.0666667', '0'], ['0.012', '0.07', '0.005'], ['0.012', '0.07', '0'], ['0.012', '0.0733333', '0.005'], ['0.012', '0.0733333', '0'], ['0.012', '0.0766667', '0.005'], ['0.012', '0.0766667', '0'], ['0.012', '0', '0.01'], ['0.012', '0.00333333', '0.01'], ['0.012', '0.00666667', '0.01'], ['0.012', '0.01', '0.01'], ['0.012', '0.0133333', '0.01'], ['0.012', '0.0166667', '0.01'], ['0.012', '0.02', '0.01'], ['0.012', '0.0233333', '0.01'], ['0.012', '0.0266667', '0.01'], ['0.012', '0.03', '0.01'], ['0.012', '0.0333333', '0.01'], ['0.012', '0.0366667', '0.01'], ['0.012', '0.04', '0.01'], ['0.012', '0.0433333', '0.01'], ['0.012', '0.0466667', '0.01'], ['0.012', '0.05', '0.01'], ['0.012', '0.0533333', '0.01'], ['0.012', '0.0566667', '0.01'], ['0.012', '0.06', '0.01'], ['0.012', '0.0633333', '0.01'], ['0.012', '0.0666667', '0.01'], ['0.012', '0.07', '0.01'], ['0.012', '0.0733333', '0.01'], ['0.012', '0.0766667', '0.01']]
[['1', '2', '3', '4'], ['2', '5', '6', '3'], ['5', '7', '8', '6'], ['7', '9', '10', '8'], ['9', '11', '12', '10'], ['11', '13', '14', '12'], ['13', '15', '16', '14'], ['15', '17', '18', '16'], ['17', '19', '20', '18'], ['19', '21', '22', '20'], ['21', '23', '24', '22'], ['23', '25', '26', '24'], ['25', '27', '28', '26'], ['27', '29', '30', '28'], ['29', '31', '32', '30'], ['31', '33', '34', '32'], ['33', '35', '36', '34'], ['35', '37', '38', '36'], ['37', '39', '40', '38'], ['39', '41', '42', '40'], ['41', '43', '44', '42'], ['43', '45', '46', '44'], ['45', '47', '48', '46'], ['47', '49', '50', '48'], ['4', '3', '51', '52'], ['3', '6', '53', '51'], ['6', '8', '54', '53'], ['8', '10', '55', '54'], ['10', '12', '56', '55'], ['12', '14', '57', '56'], ['14', '16', '58', '57'], ['16', '18', '59', '58'], ['18', '20', '60', '59'], ['20', '22', '61', '60'], ['22', '24', '62', '61'], ['24', '26', '63', '62'], ['26', '28', '64', '63'], ['28', '30', '65', '64'], ['30', '32', '66', '65'], ['32', '34', '67', '66'], ['34', '36', '68', '67'], ['36', '38', '69', '68'], ['38', '40', '70', '69'], ['40', '42', '71', '70'], ['42', '44', '72', '71'], ['44', '46', '73', '72'], ['46', '48', '74', '73'], ['48', '50', '75', '74'], ['49', '76', '77', '50'], ['50', '77', '78', '75'], ['76', '79', '80', '77'], ['77', '80', '81', '78'], ['79', '82', '83', '80'], ['80', '83', '84', '81'], ['82', '85', '86', '83'], ['83', '86', '87', '84'], ['88', '89', '90', '91'], ['91', '90', '92', '93'], ['93', '92', '94', '95'], ['95', '94', '96', '97'], ['97', '96', '98', '99'], ['99', '98', '100', '101'], ['101', '100', '102', '103'], ['103', '102', '104', '105'], ['105', '104', '106', '107'], ['107', '106', '108', '109'], ['109', '108', '110', '111'], ['111', '110', '112', '113'], ['113', '112', '114', '115'], ['115', '114', '116', '117'], ['117', '116', '118', '119'], ['119', '118', '120', '121'], ['121', '120', '122', '123'], ['123', '122', '124', '125'], ['125', '124', '126', '127'], ['127', '126', '128', '129'], ['129', '128', '130', '131'], ['131', '130', '132', '133'], ['133', '132', '134', '135'], ['135', '134', '86', '85'], ['89', '136', '137', '90'], ['90', '137', '138', '92'], ['92', '138', '139', '94'], ['94', '139', '140', '96'], ['96', '140', '141', '98'], ['98', '141', '142', '100'], ['100', '142', '143', '102'], ['102', '143', '144', '104'], ['104', '144', '145', '106'], ['106', '145', '146', '108'], ['108', '146', '147', '110'], ['110', '147', '148', '112'], ['112', '148', '149', '114'], ['114', '149', '150', '116'], ['116', '150', '151', '118'], ['118', '151', '152', '120'], ['120', '152', '153', '122'], ['122', '153', '154', '124'], ['124', '154', '155', '126'], ['126', '155', '156', '128'], ['128', '156', '157', '130'], ['130', '157', '158', '132'], ['132', '158', '159', '134'], ['134', '159', '87', '86']]
(0) 22:52:22 [impl::ParticipantImpl]:316 in setupCommunication: [0mSetting up primary communication to coupling partner/s
(0) 22:52:22 [impl::ParticipantImpl]:330 in setupCommunication: [0mPrimary ranks are connected
(0) 22:52:22 [impl::ParticipantImpl]:334 in setupCommunication: [0mSetting up preliminary secondary communication to coupling partner/s
(0) 22:52:22 [partition::ProvidedPartition]:120 in prepare: [0mPrepare partition for mesh Coupling-Data-Projection-Mesh
(0) 22:52:22 [partition::ProvidedPartition]:87 in communicate: [0mGather mesh Coupling-Data-Projection-Mesh
(0) 22:52:22 [partition::ProvidedPartition]:104 in communicate: [0mSend global mesh Coupling-Data-Projection-Mesh
(0) 22:52:22 [impl::ParticipantImpl]:342 in setupCommunication: [0mSetting up secondary communication to coupling partner/s
(0) 22:52:22 [impl::ParticipantImpl]:348 in setupCommunication: [0mSecondary ranks are connected
(0) 22:52:22 [impl::ParticipantImpl]:281 in initialize: [0miteration: 1, time-window: 1, time: 0 of 1, time-window-size: 0.0001, max-time-step-size: 0.0001, ongoing: yes, time-window-complete: no, 
(0) 22:52:23 [cplscheme::BaseCouplingScheme]:399 in secondExchange: [0mTime window completed
(0) 22:52:23 [impl::ParticipantImpl]:422 in advance: [0miteration: 1, time-window: 2, time: 0.0001 of 1, time-window-size: 0.0001, max-time-step-size: 0.0001, ongoing: yes, time-window-complete: yes, 
(0) 22:52:24 [cplscheme::BaseCouplingScheme]:399 in secondExchange: [0mTime window completed
(0) 22:52:24 [impl::ParticipantImpl]:422 in advance: [0miteration: 1, time-window: 3, time: 0.0002 of 1, time-window-size: 0.0001, max-time-step-size: 0.0001, ongoing: yes, time-window-complete: yes, 
(0) 22:52:26 [cplscheme::BaseCouplingScheme]:399 in secondExchange: [0mTime window completed
(0) 22:52:26 [impl::ParticipantImpl]:422 in advance: [0miteration: 1, time-window: 4, time: 0.0003 of 1, time-window-size: 0.0001, max-time-step-size: 0.0001, ongoing: yes, time-window-complete: yes, 
(0) 22:52:27 [cplscheme::BaseCouplingScheme]:399 in secondExchange: [0mTime window completed
(0) 22:52:27 [impl::ParticipantImpl]:422 in advance: [0miteration: 1, time-window: 5, time: 0.0004 of 1, time-window-size: 0.0001, max-time-step-size: 0.0001, ongoing: yes, time-window-complete: yes, 
(0) 22:52:28 [cplscheme::BaseCouplingScheme]:399 in secondExchange: [0mTime window completed
(0) 22:52:28 [impl::ParticipantImpl]:422 in advance: [0miteration: 1, time-window: 6, time: 0.0005 of 1, time-window-size: 0.0001, max-time-step-size: 0.0001, ongoing: yes, time-window-complete: yes, 
 ]]
Current point  [0.        0.0433333 0.       ]
Current point  [0.        0.0466667 0.       ]
Current point  [0.        0.0466667 0.005    ]
Current point  [0.        0.0433333 0.005    ]
[[0.   0.18 0.01]]
Current point  [0.        0.0466667 0.       ]
Current point  [0.   0.05 0.  ]
Current point  [0.    0.05  0.005]
Current point  [0.        0.0466667 0.005    ]
[[0.        0.1933334 0.01     ]]
Current point  [0.   0.05 0.  ]
Current point  [0.        0.0533333 0.       ]
Current point  [0.        0.0533333 0.005    ]
Current point  [0.    0.05  0.005]
[[0.        0.2066666 0.01     ]]
Current point  [0.        0.0533333 0.       ]
Current point  [0.        0.0566667 0.       ]
Current point  [0.        0.0566667 0.005    ]
Current point  [0.        0.0533333 0.005    ]
[[0.   0.22 0.01]]
Current point  [0.        0.0566667 0.       ]
Current point  [0.   0.06 0.  ]
Current point  [0.    0.06  0.005]
Current point  [0.        0.0566667 0.005    ]
[[0.        0.2333334 0.01     ]]
Current point  [0.   0.06 0.  ]
Current point  [0.        0.0633333 0.       ]
Current point  [0.        0.0633333 0.005    ]
Current point  [0.    0.06  0.005]
[[0.        0.2466666 0.01     ]]
Current point  [0.        0.0633333 0.       ]
Current point  [0.        0.0666667 0.       ]
Current point  [0.        0.0666667 0.005    ]
Current point  [0.        0.0633333 0.005    ]
[[0.   0.26 0.01]]
Current point  [0.        0.0666667 0.       ]
Current point  [0.   0.07 0.  ]
Current point  [0.    0.07  0.005]
Current point  [0.        0.0666667 0.005    ]
[[0.        0.2733334 0.01     ]]
Current point  [0.   0.07 0.  ]
Current point  [0.        0.0733333 0.       ]
Current point  [0.        0.0733333 0.005    ]
Current point  [0.    0.07  0.005]
[[0.        0.2866666 0.01     ]]
Current point  [0.        0.0733333 0.       ]
Current point  [0.        0.0766667 0.       ]
Current point  [0.        0.0766667 0.005    ]
Current point  [0.        0.0733333 0.005    ]
[[0.   0.3  0.01]]
Current point  [0.        0.0766667 0.       ]
Current point  [0.   0.08 0.  ]
Current point  [0.    0.08  0.005]
Current point  [0.        0.0766667 0.005    ]
[[0.        0.3133334 0.01     ]]
Current point  [0.    0.    0.005]
Current point  [0.         0.00333333 0.005     ]
Current point  [0.         0.00333333 0.01      ]
Current point  [0.   0.   0.01]
[[0.         0.00666666 0.03      ]]
Current point  [0.         0.00333333 0.005     ]
Current point  [0.         0.00666667 0.005     ]
Current point  [0.         0.00666667 0.01      ]
Current point  [0.         0.00333333 0.01      ]
[[0.   0.02 0.03]]
Current point  [0.         0.00666667 0.005     ]
Current point  [0.    0.01  0.005]
Current point  [0.   0.01 0.01]
Current point  [0.         0.00666667 0.01      ]
[[0.         0.03333334 0.03      ]]
Current point  [0.    0.01  0.005]
Current point  [0.        0.0133333 0.005    ]
Current point  [0.        0.0133333 0.01     ]
Current point  [0.   0.01 0.01]
[[0.        0.0466666 0.03     ]]
Current point  [0.        0.0133333 0.005    ]
Current point  [0.        0.0166667 0.005    ]
Current point  [0.        0.0166667 0.01     ]
Current point  [0.        0.0133333 0.01     ]
[[0.   0.06 0.03]]
Current point  [0.        0.0166667 0.005    ]
Current point  [0.    0.02  0.005]
Current point  [0.   0.02 0.01]
Current point  [0.        0.0166667 0.01     ]
[[0.        0.0733334 0.03     ]]
Current point  [0.    0.02  0.005]
Current point  [0.        0.0233333 0.005    ]
Current point  [0.        0.0233333 0.01     ]
Current point  [0.   0.02 0.01]
[[0.        0.0866666 0.03     ]]
Current point  [0.        0.0233333 0.005    ]
Current point  [0.        0.0266667 0.005    ]
Current point  [0.        0.0266667 0.01     ]
Current point  [0.        0.0233333 0.01     ]
[[0.   0.1  0.03]]
Current point  [0.        0.0266667 0.005    ]
Current point  [0.    0.03  0.005]
Current point  [0.   0.03 0.01]
Current point  [0.        0.0266667 0.01     ]
[[0.        0.1133334 0.03     ]]
Current point  [0.    0.03  0.005]
Current point  [0.        0.0333333 0.005    ]
Current point  [0.        0.0333333 0.01     ]
Current point  [0.   0.03 0.01]
[[0.        0.1266666 0.03     ]]
Current point  [0.        0.0333333 0.005    ]
Current point  [0.        0.0366667 0.005    ]
Current point  [0.        0.0366667 0.01     ]
Current point  [0.        0.0333333 0.01     ]
[[0.   0.14 0.03]]
Current point  [0.        0.0366667 0.005    ]
Current point  [0.    0.04  0.005]
Current point  [0.   0.04 0.01]
Current point  [0.        0.0366667 0.01     ]
[[0.        0.1533334 0.03     ]]
Current point  [0.    0.04  0.005]
Current point  [0.        0.0433333 0.005    ]
Current point  [0.        0.0433333 0.01     ]
Current point  [0.   0.04 0.01]
[[0.        0.1666666 0.03     ]]
Current point  [0.        0.0433333 0.005    ]
Current point  [0.        0.0466667 0.005    ]
Current point  [0.        0.0466667 0.01     ]
Current point  [0.        0.0433333 0.01     ]
[[0.   0.18 0.03]]
Current point  [0.        0.0466667 0.005    ]
Current point  [0.    0.05  0.005]
Current point  [0.   0.05 0.01]
Current point  [0.        0.0466667 0.01     ]
[[0.        0.1933334 0.03     ]]
Current point  [0.    0.05  0.005]
Current point  [0.        0.0533333 0.005    ]
Current point  [0.        0.0533333 0.01     ]
Current point  [0.   0.05 0.01]
[[0.        0.2066666 0.03     ]]
Current point  [0.        0.0533333 0.005    ]
Current point  [0.        0.0566667 0.005    ]
Current point  [0.        0.0566667 0.01     ]
Current point  [0.        0.0533333 0.01     ]
[[0.   0.22 0.03]]
Current point  [0.        0.0566667 0.005    ]
Current point  [0.    0.06  0.005]
Current point  [0.   0.06 0.01]
Current point  [0.        0.0566667 0.01     ]
[[0.        0.2333334 0.03     ]]
Current point  [0.    0.06  0.005]
Current point  [0.        0.0633333 0.005    ]
Current point  [0.        0.0633333 0.01     ]
Current point  [0.   0.06 0.01]
[[0.        0.2466666 0.03     ]]
Current point  [0.        0.0633333 0.005    ]
Current point  [0.        0.0666667 0.005    ]
Current point  [0.        0.0666667 0.01     ]
Current point  [0.        0.0633333 0.01     ]
[[0.   0.26 0.03]]
Current point  [0.        0.0666667 0.005    ]
Current point  [0.    0.07  0.005]
Current point  [0.   0.07 0.01]
Current point  [0.        0.0666667 0.01     ]
[[0.        0.2733334 0.03     ]]
Current point  [0.    0.07  0.005]
Current point  [0.        0.0733333 0.005    ]
Current point  [0.        0.0733333 0.01     ]
Current point  [0.   0.07 0.01]
[[0.        0.2866666 0.03     ]]
Current point  [0.        0.0733333 0.005    ]
Current point  [0.        0.0766667 0.005    ]
Current point  [0.        0.0766667 0.01     ]
Current point  [0.        0.0733333 0.01     ]
[[0.   0.3  0.03]]
Current point  [0.        0.0766667 0.005    ]
Current point  [0.    0.08  0.005]
Current point  [0.   0.08 0.01]
Current point  [0.        0.0766667 0.01     ]
[[0.        0.3133334 0.03     ]]
Current point  [0.   0.08 0.  ]
Current point  [0.003 0.08  0.   ]
Current point  [0.003 0.08  0.005]
Current point  [0.    0.08  0.005]
[[0.006 0.32  0.01 ]]
Current point  [0.    0.08  0.005]
Current point  [0.003 0.08  0.005]
Current point  [0.003 0.08  0.01 ]
Current point  [0.   0.08 0.01]
[[0.006 0.32  0.03 ]]
Current point  [0.003 0.08  0.   ]
Current point  [0.006 0.08  0.   ]
Current point  [0.006 0.08  0.005]
Current point  [0.003 0.08  0.005]
[[0.018 0.32  0.01 ]]
Current point  [0.003 0.08  0.005]
Current point  [0.006 0.08  0.005]
Current point  [0.006 0.08  0.01 ]
Current point  [0.003 0.08  0.01 ]
[[0.018 0.32  0.03 ]]
Current point  [0.006 0.08  0.   ]
Current point  [0.009 0.08  0.   ]
Current point  [0.009 0.08  0.005]
Current point  [0.006 0.08  0.005]
[[0.03 0.32 0.01]]
Current point  [0.006 0.08  0.005]
Current point  [0.009 0.08  0.005]
Current point  [0.009 0.08  0.01 ]
Current point  [0.006 0.08  0.01 ]
[[0.03 0.32 0.03]]
Current point  [0.009 0.08  0.   ]
Current point  [0.012 0.08  0.   ]
Current point  [0.012 0.08  0.005]
Current point  [0.009 0.08  0.005]
[[0.042 0.32  0.01 ]]
Current point  [0.009 0.08  0.005]
Current point  [0.012 0.08  0.005]
Current point  [0.012 0.08  0.01 ]
Current point  [0.009 0.08  0.01 ]
[[0.042 0.32  0.03 ]]
Current point  [0.012 0.    0.   ]
Current point  [0.012 0.    0.005]
Current point  [0.012      0.00333333 0.005     ]
Current point  [0.012      0.00333333 0.        ]
[[0.048      0.00666666 0.01      ]]
Current point  [0.012      0.00333333 0.        ]
Current point  [0.012      0.00333333 0.005     ]
Current point  [0.012      0.00666667 0.005     ]
Current point  [0.012      0.00666667 0.        ]
[[0.048 0.02  0.01 ]]
Current point  [0.012      0.00666667 0.        ]
Current point  [0.012      0.00666667 0.005     ]
Current point  [0.012 0.01  0.005]
Current point  [0.012 0.01  0.   ]
[[0.048      0.03333334 0.01      ]]
Current point  [0.012 0.01  0.   ]
Current point  [0.012 0.01  0.005]
Current point  [0.012     0.0133333 0.005    ]
Current point  [0.012     0.0133333 0.       ]
[[0.048     0.0466666 0.01     ]]
Current point  [0.012     0.0133333 0.       ]
Current point  [0.012     0.0133333 0.005    ]
Current point  [0.012     0.0166667 0.005    ]
Current point  [0.012     0.0166667 0.       ]
[[0.048 0.06  0.01 ]]
Current point  [0.012     0.0166667 0.       ]
Current point  [0.012     0.0166667 0.005    ]
Current point  [0.012 0.02  0.005]
Current point  [0.012 0.02  0.   ]
[[0.048     0.0733334 0.01     ]]
Current point  [0.012 0.02  0.   ]
Current point  [0.012 0.02  0.005]
Current point  [0.012     0.0233333 0.005    ]
Current point  [0.012     0.0233333 0.       ]
[[0.048     0.0866666 0.01     ]]
Current point  [0.012     0.0233333 0.       ]
Current point  [0.012     0.0233333 0.005    ]
Current point  [0.012     0.0266667 0.005    ]
Current point  [0.012     0.0266667 0.       ]
[[0.048 0.1   0.01 ]]
Current point  [0.012     0.0266667 0.       ]
Current point  [0.012     0.0266667 0.005    ]
Current point  [0.012 0.03  0.005]
Current point  [0.012 0.03  0.   ]
[[0.048     0.1133334 0.01     ]]
Current point  [0.012 0.03  0.   ]
Current point  [0.012 0.03  0.005]
Current point  [0.012     0.0333333 0.005    ]
Current point  [0.012     0.0333333 0.       ]
[[0.048     0.1266666 0.01     ]]
Current point  [0.012     0.0333333 0.       ]
Current point  [0.012     0.0333333 0.005    ]
Current point  [0.012     0.0366667 0.005    ]
Current point  [0.012     0.0366667 0.       ]
[[0.048 0.14  0.01 ]]
Current point  [0.012     0.0366667 0.       ]
Current point  [0.012     0.0366667 0.005    ]
Current point  [0.012 0.04  0.005]
Current point  [0.012 0.04  0.   ]
[[0.048     0.1533334 0.01     ]]
Current point  [0.012 0.04  0.   ]
Current point  [0.012 0.04  0.005]
Current point  [0.012     0.0433333 0.005    ]
Current point  [0.012     0.0433333 0.       ]
[[0.048     0.1666666 0.01     ]]
Current point  [0.012     0.0433333 0.       ]
Current point  [0.012     0.0433333 0.005    ]
Current point  [0.012     0.0466667 0.005    ]
Current point  [0.012     0.0466667 0.       ]
[[0.048 0.18  0.01 ]]
Current point  [0.012     0.0466667 0.       ]
Current point  [0.012     0.0466667 0.005    ]
Current point  [0.012 0.05  0.005]
Current point  [0.012 0.05  0.   ]
[[0.048     0.1933334 0.01     ]]
Current point  [0.012 0.05  0.   ]
Current point  [0.012 0.05  0.005]
Current point  [0.012     0.0533333 0.005    ]
Current point  [0.012     0.0533333 0.       ]
[[0.048     0.2066666 0.01     ]]
Current point  [0.012     0.0533333 0.       ]
Current point  [0.012     0.0533333 0.005    ]
Current point  [0.012     0.0566667 0.005    ]
Current point  [0.012     0.0566667 0.       ]
[[0.048 0.22  0.01 ]]
Current point  [0.012     0.0566667 0.       ]
Current point  [0.012     0.0566667 0.005    ]
Current point  [0.012 0.06  0.005]
Current point  [0.012 0.06  0.   ]
[[0.048     0.2333334 0.01     ]]
Current point  [0.012 0.06  0.   ]
Current point  [0.012 0.06  0.005]
Current point  [0.012     0.0633333 0.005    ]
Current point  [0.012     0.0633333 0.       ]
[[0.048     0.2466666 0.01     ]]
Current point  [0.012     0.0633333 0.       ]
Current point  [0.012     0.0633333 0.005    ]
Current point  [0.012     0.0666667 0.005    ]
Current point  [0.012     0.0666667 0.       ]
[[0.048 0.26  0.01 ]]
Current point  [0.012     0.0666667 0.       ]
Current point  [0.012     0.0666667 0.005    ]
Current point  [0.012 0.07  0.005]
Current point  [0.012 0.07  0.   ]
[[0.048     0.2733334 0.01     ]]
Current point  [0.012 0.07  0.   ]
Current point  [0.012 0.07  0.005]
Current point  [0.012     0.0733333 0.005    ]
Current point  [0.012     0.0733333 0.       ]
[[0.048     0.2866666 0.01     ]]
Current point  [0.012     0.0733333 0.       ]
Current point  [0.012     0.0733333 0.005    ]
Current point  [0.012     0.0766667 0.005    ]
Current point  [0.012     0.0766667 0.       ]
[[0.048 0.3   0.01 ]]
Current point  [0.012     0.0766667 0.       ]
Current point  [0.012     0.0766667 0.005    ]
Current point  [0.012 0.08  0.005]
Current point  [0.012 0.08  0.   ]
[[0.048     0.3133334 0.01     ]]
Current point  [0.012 0.    0.005]
Current point  [0.012 0.    0.01 ]
Current point  [0.012      0.00333333 0.01      ]
Current point  [0.012      0.00333333 0.005     ]
[[0.048      0.00666666 0.03      ]]
Current point  [0.012      0.00333333 0.005     ]
Current point  [0.012      0.00333333 0.01      ]
Current point  [0.012      0.00666667 0.01      ]
Current point  [0.012      0.00666667 0.005     ]
[[0.048 0.02  0.03 ]]
Current point  [0.012      0.00666667 0.005     ]
Current point  [0.012      0.00666667 0.01      ]
Current point  [0.012 0.01  0.01 ]
Current point  [0.012 0.01  0.005]
[[0.048      0.03333334 0.03      ]]
Current point  [0.012 0.01  0.005]
Current point  [0.012 0.01  0.01 ]
Current point  [0.012     0.0133333 0.01     ]
Current point  [0.012     0.0133333 0.005    ]
[[0.048     0.0466666 0.03     ]]
Current point  [0.012     0.0133333 0.005    ]
Current point  [0.012     0.0133333 0.01     ]
Current point  [0.012     0.0166667 0.01     ]
Current point  [0.012     0.0166667 0.005    ]
[[0.048 0.06  0.03 ]]
Current point  [0.012     0.0166667 0.005    ]
Current point  [0.012     0.0166667 0.01     ]
Current point  [0.012 0.02  0.01 ]
Current point  [0.012 0.02  0.005]
[[0.048     0.0733334 0.03     ]]
Current point  [0.012 0.02  0.005]
Current point  [0.012 0.02  0.01 ]
Current point  [0.012     0.0233333 0.01     ]
Current point  [0.012     0.0233333 0.005    ]
[[0.048     0.0866666 0.03     ]]
Current point  [0.012     0.0233333 0.005    ]
Current point  [0.012     0.0233333 0.01     ]
Current point  [0.012     0.0266667 0.01     ]
Current point  [0.012     0.0266667 0.005    ]
[[0.048 0.1   0.03 ]]
Current point  [0.012     0.0266667 0.005    ]
Current point  [0.012     0.0266667 0.01     ]
Current point  [0.012 0.03  0.01 ]
Current point  [0.012 0.03  0.005]
[[0.048     0.1133334 0.03     ]]
Current point  [0.012 0.03  0.005]
Current point  [0.012 0.03  0.01 ]
Current point  [0.012     0.0333333 0.01     ]
Current point  [0.012     0.0333333 0.005    ]
[[0.048     0.1266666 0.03     ]]
Current point  [0.012     0.0333333 0.005    ]
Current point  [0.012     0.0333333 0.01     ]
Current point  [0.012     0.0366667 0.01     ]
Current point  [0.012     0.0366667 0.005    ]
[[0.048 0.14  0.03 ]]
Current point  [0.012     0.0366667 0.005    ]
Current point  [0.012     0.0366667 0.01     ]
Current point  [0.012 0.04  0.01 ]
Current point  [0.012 0.04  0.005]
[[0.048     0.1533334 0.03     ]]
Current point  [0.012 0.04  0.005]
Current point  [0.012 0.04  0.01 ]
Current point  [0.012     0.0433333 0.01     ]
Current point  [0.012     0.0433333 0.005    ]
[[0.048     0.1666666 0.03     ]]
Current point  [0.012     0.0433333 0.005    ]
Current point  [0.012     0.0433333 0.01     ]
Current point  [0.012     0.0466667 0.01     ]
Current point  [0.012     0.0466667 0.005    ]
[[0.048 0.18  0.03 ]]
Current point  [0.012     0.0466667 0.005    ]
Current point  [0.012     0.0466667 0.01     ]
Current point  [0.012 0.05  0.01 ]
Current point  [0.012 0.05  0.005]
[[0.048     0.1933334 0.03     ]]
Current point  [0.012 0.05  0.005]
Current point  [0.012 0.05  0.01 ]
Current point  [0.012     0.0533333 0.01     ]
Current point  [0.012     0.0533333 0.005    ]
[[0.048     0.2066666 0.03     ]]
Current point  [0.012     0.0533333 0.005    ]
Current point  [0.012     0.0533333 0.01     ]
Current point  [0.012     0.0566667 0.01     ]
Current point  [0.012     0.0566667 0.005    ]
[[0.048 0.22  0.03 ]]
Current point  [0.012     0.0566667 0.005    ]
Current point  [0.012     0.0566667 0.01     ]
Current point  [0.012 0.06  0.01 ]
Current point  [0.012 0.06  0.005]
[[0.048     0.2333334 0.03     ]]
Current point  [0.012 0.06  0.005]
Current point  [0.012 0.06  0.01 ]
Current point  [0.012     0.0633333 0.01     ]
Current point  [0.012     0.0633333 0.005    ]
[[0.048     0.2466666 0.03     ]]
Current point  [0.012     0.0633333 0.005    ]
Current point  [0.012     0.0633333 0.01     ]
Current point  [0.012     0.0666667 0.01     ]
Current point  [0.012     0.0666667 0.005    ]
[[0.048 0.26  0.03 ]]
Current point  [0.012     0.0666667 0.005    ]
Current point  [0.012     0.0666667 0.01     ]
Current point  [0.012 0.07  0.01 ]
Current point  [0.012 0.07  0.005]
[[0.048     0.2733334 0.03     ]]
Current point  [0.012 0.07  0.005]
Current point  [0.012 0.07  0.01 ]
Current point  [0.012     0.0733333 0.01     ]
Current point  [0.012     0.0733333 0.005    ]
[[0.048     0.2866666 0.03     ]]
Current point  [0.012     0.0733333 0.005    ]
Current point  [0.012     0.0733333 0.01     ]
Current point  [0.012     0.0766667 0.01     ]
Current point  [0.012     0.0766667 0.005    ]
[[0.048 0.3   0.03 ]]
Current point  [0.012     0.0766667 0.005    ]
Current point  [0.012     0.0766667 0.01     ]
Current point  [0.012 0.08  0.01 ]
Current point  [0.012 0.08  0.005]
[[0.048     0.3133334 0.03     ]]
Branches
 [[0.         0.00166666 0.0025    ]
 [0.         0.005      0.0025    ]
 [0.         0.00833334 0.0025    ]
 [0.         0.01166665 0.0025    ]
 [0.         0.015      0.0025    ]
 [0.         0.01833335 0.0025    ]
 [0.         0.02166665 0.0025    ]
 [0.         0.025      0.0025    ]
 [0.         0.02833335 0.0025    ]
 [0.         0.03166665 0.0025    ]
 [0.         0.035      0.0025    ]
 [0.         0.03833335 0.0025    ]
 [0.         0.04166665 0.0025    ]
 [0.         0.045      0.0025    ]
 [0.         0.04833335 0.0025    ]
 [0.         0.05166665 0.0025    ]
 [0.         0.055      0.0025    ]
 [0.         0.05833335 0.0025    ]
 [0.         0.06166665 0.0025    ]
 [0.         0.065      0.0025    ]
 [0.         0.06833335 0.0025    ]
 [0.         0.07166665 0.0025    ]
 [0.         0.075      0.0025    ]
 [0.         0.07833335 0.0025    ]
 [0.         0.00166666 0.0075    ]
 [0.         0.005      0.0075    ]
 [0.         0.00833334 0.0075    ]
 [0.         0.01166665 0.0075    ]
 [0.         0.015      0.0075    ]
 [0.         0.01833335 0.0075    ]
 [0.         0.02166665 0.0075    ]
 [0.         0.025      0.0075    ]
 [0.         0.02833335 0.0075    ]
 [0.         0.03166665 0.0075    ]
 [0.         0.035      0.0075    ]
 [0.         0.03833335 0.0075    ]
 [0.         0.04166665 0.0075    ]
 [0.         0.045      0.0075    ]
 [0.         0.04833335 0.0075    ]
 [0.         0.05166665 0.0075    ]
 [0.         0.055      0.0075    ]
 [0.         0.05833335 0.0075    ]
 [0.         0.06166665 0.0075    ]
 [0.         0.065      0.0075    ]
 [0.         0.06833335 0.0075    ]
 [0.         0.07166665 0.0075    ]
 [0.         0.075      0.0075    ]
 [0.         0.07833335 0.0075    ]
 [0.0015     0.08       0.0025    ]
 [0.0015     0.08       0.0075    ]
 [0.0045     0.08       0.0025    ]
 [0.0045     0.08       0.0075    ]
 [0.0075     0.08       0.0025    ]
 [0.0075     0.08       0.0075    ]
 [0.0105     0.08       0.0025    ]
 [0.0105     0.08       0.0075    ]
 [0.012      0.00166666 0.0025    ]
 [0.012      0.005      0.0025    ]
 [0.012      0.00833334 0.0025    ]
 [0.012      0.01166665 0.0025    ]
 [0.012      0.015      0.0025    ]
 [0.012      0.01833335 0.0025    ]
 [0.012      0.02166665 0.0025    ]
 [0.012      0.025      0.0025    ]
 [0.012      0.02833335 0.0025    ]
 [0.012      0.03166665 0.0025    ]
 [0.012      0.035      0.0025    ]
 [0.012      0.03833335 0.0025    ]
 [0.012      0.04166665 0.0025    ]
 [0.012      0.045      0.0025    ]
 [0.012      0.04833335 0.0025    ]
 [0.012      0.05166665 0.0025    ]
 [0.012      0.055      0.0025    ]
 [0.012      0.05833335 0.0025    ]
 [0.012      0.06166665 0.0025    ]
 [0.012      0.065      0.0025    ]
 [0.012      0.06833335 0.0025    ]
 [0.012      0.07166665 0.0025    ]
 [0.012      0.075      0.0025    ]
 [0.012      0.07833335 0.0025    ]
 [0.012      0.00166666 0.0075    ]
 [0.012      0.005      0.0075    ]
 [0.012      0.00833334 0.0075    ]
 [0.012      0.01166665 0.0075    ]
 [0.012      0.015      0.0075    ]
 [0.012      0.01833335 0.0075    ]
 [0.012      0.02166665 0.0075    ]
 [0.012      0.025      0.0075    ]
 [0.012      0.02833335 0.0075    ]
 [0.012      0.03166665 0.0075    ]
 [0.012      0.035      0.0075    ]
 [0.012      0.03833335 0.0075    ]
 [0.012      0.04166665 0.0075    ]
 [0.012      0.045      0.0075    ]
 [0.012      0.04833335 0.0075    ]
 [0.012      0.05166665 0.0075    ]
 [0.012      0.055      0.0075    ]
 [0.012      0.05833335 0.0075    ]
 [0.012      0.06166665 0.0075    ]
 [0.012      0.065      0.0075    ]
 [0.012      0.06833335 0.0075    ]
 [0.012      0.07166665 0.0075    ]
 [0.012      0.075      0.0075    ]
 [0.012      0.07833335 0.0075    ]]
@ line120
@ line150
FOAMySees Coupling Driver: Initializing Coupling with preCICE
OpenSeesPy (FOAMySees Projected) Initial Displacements (from preliminary analysis) [[0. 0. 0.]
 [0. 0. 0.]
 [0. 0. 0.]
 [0. 0. 0.]
 [0. 0. 0.]
 [0. 0. 0.]
 [0. 0. 0.]
 [0. 0. 0.]
 [0. 0. 0.]
 [0. 0. 0.]
 [0. 0. 0.]
 [0. 0. 0.]
 [0. 0. 0.]
 [0. 0. 0.]
 [0. 0. 0.]
 [0. 0. 0.]
 [0. 0. 0.]
 [0. 0. 0.]
 [0. 0. 0.]
 [0. 0. 0.]
 [0. 0. 0.]
 [0. 0. 0.]
 [0. 0. 0.]
 [0. 0. 0.]
 [0. 0. 0.]
 [0. 0. 0.]
 [0. 0. 0.]
 [0. 0. 0.]
 [0. 0. 0.]
 [0. 0. 0.]
 [0. 0. 0.]
 [0. 0. 0.]
 [0. 0. 0.]
 [0. 0. 0.]
 [0. 0. 0.]
 [0. 0. 0.]
 [0. 0. 0.]
 [0. 0. 0.]
 [0. 0. 0.]
 [0. 0. 0.]
 [0. 0. 0.]
 [0. 0. 0.]
 [0. 0. 0.]
 [0. 0. 0.]
 [0. 0. 0.]
 [0. 0. 0.]
 [0. 0. 0.]
 [0. 0. 0.]
 [0. 0. 0.]
 [0. 0. 0.]
 [0. 0. 0.]
 [0. 0. 0.]
 [0. 0. 0.]
 [0. 0. 0.]
 [0. 0. 0.]
 [0. 0. 0.]
 [0. 0. 0.]
 [0. 0. 0.]
 [0. 0. 0.]
 [0. 0. 0.]
 [0. 0. 0.]
 [0. 0. 0.]
 [0. 0. 0.]
 [0. 0. 0.]
 [0. 0. 0.]
 [0. 0. 0.]
 [0. 0. 0.]
 [0. 0. 0.]
 [0. 0. 0.]
 [0. 0. 0.]
 [0. 0. 0.]
 [0. 0. 0.]
 [0. 0. 0.]
 [0. 0. 0.]
 [0. 0. 0.]
 [0. 0. 0.]
 [0. 0. 0.]
 [0. 0. 0.]
 [0. 0. 0.]
 [0. 0. 0.]
 [0. 0. 0.]
 [0. 0. 0.]
 [0. 0. 0.]
 [0. 0. 0.]
 [0. 0. 0.]
 [0. 0. 0.]
 [0. 0. 0.]
 [0. 0. 0.]
 [0. 0. 0.]
 [0. 0. 0.]
 [0. 0. 0.]
 [0. 0. 0.]
 [0. 0. 0.]
 [0. 0. 0.]
 [0. 0. 0.]
 [0. 0. 0.]
 [0. 0. 0.]
 [0. 0. 0.]
 [0. 0. 0.]
 [0. 0. 0.]
 [0. 0. 0.]
 [0. 0. 0.]
 [0. 0. 0.]
 [0. 0. 0.]]
